[2025-11-16 03:54:34] [INFO    ] discord.client: logging in using static token
[2025-11-16 03:54:34] [DEBUG   ] discord.http: GET https://discord.com/api/v10/users/@me with None has returned 200
[2025-11-16 03:54:34] [DEBUG   ] discord.http: GET /users/@me has found its initial rate limit bucket hash (78bb8553d9352a5a2f89f9def401287a).
[2025-11-16 03:54:34] [DEBUG   ] discord.http: GET https://discord.com/api/v10/users/@me has received {'id': '1439512011401723966', 'username': 'Link_Bot', 'avatar': '550e061ca1acf621ac26caf79ce9d9b3', 'discriminator': '2600', 'public_flags': 0, 'flags': 0, 'bot': True, 'banner': None, 'accent_color': None, 'global_name': None, 'avatar_decoration_data': None, 'collectibles': None, 'display_name_styles': None, 'banner_color': None, 'clan': None, 'primary_guild': None, 'mfa_enabled': False, 'locale': 'en-US', 'premium_type': 0, 'email': None, 'verified': True, 'bio': ''}
[2025-11-16 03:54:34] [DEBUG   ] discord.http: GET https://discord.com/api/v10/oauth2/applications/@me with None has returned 200
[2025-11-16 03:54:34] [DEBUG   ] discord.http: GET /oauth2/applications/@me has found its initial rate limit bucket hash (d28a133af187e91d71d96a223467ce49).
[2025-11-16 03:54:34] [DEBUG   ] discord.http: GET https://discord.com/api/v10/oauth2/applications/@me has received {'id': '1439512011401723966', 'name': 'Link_Bot', 'icon': '550e061ca1acf621ac26caf79ce9d9b3', 'description': '', 'type': None, 'bot': {'id': '1439512011401723966', 'username': 'Link_Bot', 'avatar': '550e061ca1acf621ac26caf79ce9d9b3', 'discriminator': '2600', 'public_flags': 0, 'flags': 0, 'bot': True, 'banner': None, 'accent_color': None, 'global_name': None, 'avatar_decoration_data': None, 'collectibles': None, 'display_name_styles': None, 'banner_color': None, 'clan': None, 'primary_guild': None}, 'summary': '', 'is_monetized': False, 'is_verified': False, 'is_discoverable': False, 'bot_public': True, 'bot_require_code_grant': False, 'install_params': {'scopes': ['applications.commands'], 'permissions': '0'}, 'integration_types_config': {'0': {'oauth2_install_params': {'scopes': ['applications.commands'], 'permissions': '0'}}, '1': {'oauth2_install_params': {'scopes': ['applications.commands'], 'permissions': '0'}}}, 'verify_key': '0788b50e9eb4fe0af1824c6f4d154fa53e686d630b7031ae3dc9cb7cb9220bf4', 'flags': 565248, 'hook': True, 'storefront_available': False, 'redirect_uris': [], 'interactions_endpoint_url': None, 'role_connections_verification_url': None, 'owner': {'id': '1435050432509775913', 'username': 'eu.claire', 'avatar': '126b11847c35e423e5ec7fbb2e4be985', 'discriminator': '0', 'public_flags': 0, 'flags': 0, 'banner': None, 'accent_color': None, 'global_name': 'Clairini', 'avatar_decoration_data': None, 'collectibles': None, 'display_name_styles': None, 'banner_color': None, 'clan': None, 'primary_guild': None}, 'approximate_guild_count': 0, 'approximate_user_install_count': 0, 'approximate_user_authorization_count': 0, 'interactions_event_types': [], 'interactions_version': 1, 'explicit_content_filter': 0, 'rpc_application_state': 0, 'store_application_state': 1, 'verification_state': 1, 'integration_public': True, 'integration_require_code_grant': False, 'discoverability_state': 1, 'discovery_eligibility_flags': 224, 'monetization_state': 1, 'verification_eligibility_flags': 91036, 'monetization_eligibility_flags': 181988, 'bot_approximate_guild_count': 2, 'team': None, 'internal_guild_restriction': 2, 'approved_consoles': [], 'pricing_localization_strategy': 'localized_price_sets'}
[2025-11-16 03:54:35] [DEBUG   ] discord.gateway: Created websocket connected to wss://gateway.discord.gg/
[2025-11-16 03:54:35] [DEBUG   ] discord.gateway: For Shard ID None: WebSocket Event: {'t': None, 's': None, 'op': 10, 'd': {'heartbeat_interval': 41250, '_trace': ['["gateway-prd-arm-us-east1-c-0rmh",{"micros":0.0}]']}}
[2025-11-16 03:54:35] [DEBUG   ] discord.gateway: Shard ID None has sent the IDENTIFY payload.
[2025-11-16 03:54:35] [DEBUG   ] discord.gateway: For Shard ID None: WebSocket Event: {'t': None, 's': None, 'op': 11, 'd': None}
[2025-11-16 03:54:35] [DEBUG   ] discord.gateway: For Shard ID None: WebSocket Event: {'t': 'READY', 's': 1, 'op': 0, 'd': {'v': 10, 'user_settings': {}, 'user': {'verified': True, 'username': 'Link_Bot', 'primary_guild': None, 'mfa_enabled': False, 'id': '1439512011401723966', 'global_name': None, 'flags': 0, 'email': None, 'discriminator': '2600', 'clan': None, 'bot': True, 'avatar': '550e061ca1acf621ac26caf79ce9d9b3'}, 'session_type': 'normal', 'session_id': '47d8f5e19e141980b6bbc7d96ced9389', 'resume_gateway_url': 'wss://gateway-us-east1-c.discord.gg', 'relationships': [], 'private_channels': [], 'presences': [], 'guilds': [{'unavailable': True, 'id': '1437940275803590731'}, {'unavailable': True, 'id': '1439530940056735827'}], 'guild_join_requests': [], 'geo_ordered_rtc_regions': ['us-east', 'atlanta', 'newark', 'us-central', 'us-south'], 'game_relationships': [], 'auth': {}, 'application': {'id': '1439512011401723966', 'flags': 565248}, '_trace': ['["gateway-prd-arm-us-east1-c-0rmh",{"micros":186186,"calls":["id_created",{"micros":340,"calls":[]},"session_lookup_time",{"micros":3182,"calls":[]},"session_lookup_finished",{"micros":14,"calls":[]},"discord-sessions-prd-2-122",{"micros":182364,"calls":["start_session",{"micros":160664,"calls":["discord-api-rpc-64cb7b5794-m2gx7",{"micros":59541,"calls":["get_user",{"micros":10866},"get_guilds",{"micros":2581},"send_scheduled_deletion_message",{"micros":21},"guild_join_requests",{"micros":627},"authorized_ip_coro",{"micros":10},"pending_payments",{"micros":50329},"apex_experiments",{"micros":42177},"user_activities",{"micros":7},"played_application_ids",{"micros":10},"linked_users",{"micros":4}]}]},"starting_guild_connect",{"micros":52,"calls":[]},"presence_started",{"micros":8756,"calls":[]},"guilds_started",{"micros":96,"calls":[]},"lobbies_started",{"micros":1,"calls":[]},"guilds_connect",{"micros":1,"calls":[]},"presence_connect",{"micros":12774,"calls":[]},"connect_finished",{"micros":12782,"calls":[]},"build_ready",{"micros":10,"calls":[]},"clean_ready",{"micros":1,"calls":[]},"optimize_ready",{"micros":0,"calls":[]},"split_ready",{"micros":1,"calls":[]}]}]}]']}}
[2025-11-16 03:54:35] [DEBUG   ] discord.client: Dispatching event socket_event_type
[2025-11-16 03:54:35] [INFO    ] discord.gateway: Shard ID None has connected to Gateway (Session ID: 47d8f5e19e141980b6bbc7d96ced9389).
[2025-11-16 03:54:35] [DEBUG   ] discord.client: Dispatching event connect
[2025-11-16 03:54:35] [DEBUG   ] discord.gateway: For Shard ID None: WebSocket Event: {'t': 'GUILD_CREATE', 's': 2, 'op': 0, 'd': {'emojis': [], 'embedded_activities': [], 'icon': None, 'default_message_notifications': 0, 'profile': None, 'nsfw_level': 0, 'inventory_settings': None, 'region': 'deprecated', 'lazy': True, 'application_command_counts': {}, 'mfa_level': 0, 'stickers': [], 'incidents_data': None, 'splash': None, 'large': False, 'latest_onboarding_question_id': None, 'id': '1439530940056735827', 'owner_id': '1435050432509775913', 'voice_states': [], 'application_id': None, 'joined_at': '2025-11-16T08:22:35.952868+00:00', 'system_channel_id': '1439530940803317762', 'name': 'test app server', 'nsfw': False, 'public_updates_channel_id': None, 'max_video_channel_users': 25, 'afk_timeout': 300, 'hub_type': None, 'roles': [{'version': 1763281321472, 'unicode_emoji': None, 'tags': {}, 'position': 0, 'permissions': '2248473465835073', 'name': '@everyone', 'mentionable': False, 'managed': False, 'id': '1439530940056735827', 'icon': None, 'hoist': False, 'flags': 0, 'colors': {'tertiary_color': None, 'secondary_color': None, 'primary_color': 0}, 'color': 0}, {'version': 1763282985002, 'unicode_emoji': None, 'tags': {'bot_id': '1439512011401723966'}, 'position': 1, 'permissions': '377957510208', 'name': 'Link_Bot', 'mentionable': False, 'managed': True, 'id': '1439531085166805107', 'icon': None, 'hoist': False, 'flags': 0, 'colors': {'tertiary_color': None, 'secondary_color': None, 'primary_color': 0}, 'color': 0}], 'guild_scheduled_events': [], 'afk_channel_id': None, 'threads': [], 'members': [{'user': {'username': 'Link_Bot', 'public_flags': 0, 'primary_guild': None, 'id': '1439512011401723966', 'global_name': None, 'display_name_styles': None, 'display_name': None, 'discriminator': '2600', 'collectibles': None, 'bot': True, 'avatar_decoration_data': None, 'avatar': '550e061ca1acf621ac26caf79ce9d9b3'}, 'roles': ['1439531085166805107'], 'premium_since': None, 'pending': False, 'nick': None, 'mute': False, 'joined_at': '2025-11-16T08:22:35.952868+00:00', 'flags': 0, 'deaf': False, 'communication_disabled_until': None, 'banner': None, 'avatar': None}], 'description': None, 'verification_level': 0, 'activity_instances': [], 'discovery_splash': None, 'member_count': 2, 'moderator_reporting': None, 'stage_instances': [], 'preferred_locale': 'en-US', 'owner_configured_content_level': 0, 'premium_subscription_count': 0, 'premium_progress_bar_enabled': False, 'max_members': 25000000, 'unavailable': False, 'channels': [{'version': 1763281321481, 'type': 4, 'position': 0, 'permission_overwrites': [], 'name': 'Text Channels', 'id': '1439530940803317760', 'flags': 0}, {'version': 1763281321484, 'type': 4, 'position': 0, 'permission_overwrites': [], 'name': 'Voice Channels', 'id': '1439530940803317761', 'flags': 0}, {'version': 1763282649767, 'type': 0, 'topic': None, 'theme_color': None, 'rate_limit_per_user': 0, 'position': 0, 'permission_overwrites': [{'type': 1, 'id': '1439512011401723966', 'deny': '0', 'allow': '68608'}], 'parent_id': '1439530940803317760', 'nsfw': False, 'name': 'general', 'last_message_id': '1439538223981396040', 'id': '1439530940803317762', 'icon_emoji': {'name': 'ðŸ‘‹', 'id': None}, 'flags': 0}, {'version': 1763281321498, 'user_limit': 0, 'type': 2, 'rtc_region': None, 'rate_limit_per_user': 0, 'position': 0, 'permission_overwrites': [], 'parent_id': '1439530940803317761', 'name': 'General', 'last_message_id': None, 'id': '1439530940803317763', 'icon_emoji': {'name': 'ðŸŽ™', 'id': None}, 'flags': 0, 'bitrate': 64000}], 'vanity_url_code': None, 'max_stage_video_channel_users': 50, 'system_channel_flags': 0, 'home_header': None, 'explicit_content_filter': 0, 'rules_channel_id': None, 'premium_features': None, 'version': 1763282968119, 'presences': [], 'premium_tier': 0, 'safety_alerts_channel_id': None, 'soundboard_sounds': [], 'banner': None, 'features': []}}
[2025-11-16 03:54:35] [DEBUG   ] discord.client: Dispatching event socket_event_type
[2025-11-16 03:54:35] [DEBUG   ] discord.gateway: For Shard ID None: WebSocket Event: {'t': 'GUILD_CREATE', 's': 3, 'op': 0, 'd': {'emojis': [], 'embedded_activities': [], 'icon': '2b04728a0b5f8f5d711e9e170b6dacc3', 'default_message_notifications': 0, 'profile': None, 'nsfw_level': 0, 'inventory_settings': None, 'region': 'deprecated', 'lazy': True, 'application_command_counts': {}, 'mfa_level': 0, 'stickers': [], 'incidents_data': None, 'splash': None, 'large': False, 'latest_onboarding_question_id': None, 'id': '1437940275803590731', 'owner_id': '1435050432509775913', 'voice_states': [], 'application_id': None, 'joined_at': '2025-11-16T07:13:43.652518+00:00', 'system_channel_id': '1437940276395245722', 'name': 'The ACO:G', 'nsfw': False, 'public_updates_channel_id': None, 'max_video_channel_users': 25, 'afk_timeout': 300, 'hub_type': None, 'roles': [{'version': 1763268475460, 'unicode_emoji': None, 'tags': {}, 'position': 0, 'permissions': '1619449668422208', 'name': '@everyone', 'mentionable': False, 'managed': False, 'id': '1437940275803590731', 'icon': None, 'hoist': False, 'flags': 0, 'colors': {'tertiary_color': None, 'secondary_color': None, 'primary_color': 0}, 'color': 0}, {'version': 1763270526055, 'unicode_emoji': None, 'tags': {}, 'position': 1, 'permissions': '0', 'name': 'new role', 'mentionable': False, 'managed': False, 'id': '1439485661085171915', 'icon': None, 'hoist': False, 'flags': 0, 'colors': {'tertiary_color': None, 'secondary_color': None, 'primary_color': 0}, 'color': 0}, {'version': 1763277223598, 'unicode_emoji': None, 'tags': {'bot_id': '1439512011401723966'}, 'position': 1, 'permissions': '377957502016', 'name': 'Link_Bot', 'mentionable': False, 'managed': True, 'id': '1439513752620765277', 'icon': None, 'hoist': False, 'flags': 0, 'colors': {'tertiary_color': None, 'secondary_color': None, 'primary_color': 0}, 'color': 0}], 'guild_scheduled_events': [], 'afk_channel_id': None, 'threads': [{'type': 11, 'total_message_sent': 0, 'thread_metadata': {'locked': False, 'create_timestamp': '2025-11-16T08:21:21.388000+00:00', 'auto_archive_duration': 4320, 'archived': False, 'archive_timestamp': '2025-11-16T08:21:21.388000+00:00'}, 'rate_limit_per_user': 0, 'parent_id': '1439508350277517364', 'owner_id': '1435050432509775913', 'name': 'Bank - CEO - Smoke Jaeger Wamai', 'message_count': 0, 'member_count': 1, 'last_message_id': '1439530772649218221', 'id': '1439530772649218221', 'guild_id': '1437940275803590731', 'flags': 0}, {'type': 11, 'total_message_sent': 0, 'thread_metadata': {'locked': False, 'create_timestamp': '2025-11-16T08:37:29.440000+00:00', 'auto_archive_duration': 4320, 'archived': False, 'archive_timestamp': '2025-11-16T08:37:29.440000+00:00'}, 'rate_limit_per_user': 0, 'parent_id': '1439508350277517364', 'owner_id': '1435050432509775913', 'name': 'Bank - CEO - Azami Jaeger Aruni', 'message_count': 0, 'member_count': 1, 'last_message_id': '1439534832953856111', 'id': '1439534832953856111', 'guild_id': '1437940275803590731', 'flags': 0}, {'type': 11, 'total_message_sent': 0, 'thread_metadata': {'locked': False, 'create_timestamp': '2025-11-16T08:41:49.690000+00:00', 'auto_archive_duration': 4320, 'archived': False, 'archive_timestamp': '2025-11-16T08:41:49.690000+00:00'}, 'rate_limit_per_user': 0, 'parent_id': '1439508350277517364', 'owner_id': '1435050432509775913', 'name': 'Bank - CEO default', 'message_count': 0, 'member_count': 1, 'last_message_id': '1439535924521205810', 'id': '1439535924521205810', 'guild_id': '1437940275803590731', 'flags': 0}], 'members': [{'user': {'username': 'Link_Bot', 'public_flags': 0, 'primary_guild': None, 'id': '1439512011401723966', 'global_name': None, 'display_name_styles': None, 'display_name': None, 'discriminator': '2600', 'collectibles': None, 'bot': True, 'avatar_decoration_data': None, 'avatar': '550e061ca1acf621ac26caf79ce9d9b3'}, 'roles': ['1439513752620765277'], 'premium_since': None, 'pending': False, 'nick': None, 'mute': False, 'joined_at': '2025-11-16T07:13:43.652518+00:00', 'flags': 0, 'deaf': False, 'communication_disabled_until': None, 'banner': None, 'avatar': None}], 'description': '', 'verification_level': 0, 'activity_instances': [], 'discovery_splash': None, 'member_count': 6, 'moderator_reporting': None, 'stage_instances': [], 'preferred_locale': 'en-US', 'owner_configured_content_level': 0, 'premium_subscription_count': 0, 'premium_progress_bar_enabled': False, 'max_members': 25000000, 'unavailable': False, 'channels': [{'version': 1763265737911, 'type': 4, 'position': 4, 'permission_overwrites': [], 'parent_id': None, 'name': 'Voice', 'id': '1437940276395245721', 'flags': 0}, {'version': 1763270511590, 'type': 0, 'topic': None, 'theme_color': None, 'rate_limit_per_user': 0, 'position': 0, 'permission_overwrites': [{'type': 1, 'id': '959828672611758140', 'deny': '0', 'allow': '3072'}, {'type': 1, 'id': '366565110384164875', 'deny': '0', 'allow': '3072'}], 'parent_id': None, 'nsfw': False, 'name': 'general', 'last_message_id': '1439513753619009546', 'id': '1437940276395245722', 'icon_emoji': {'name': 'ðŸ‘‹', 'id': None}, 'flags': 0}, {'version': 1763265728379, 'type': 4, 'position': 1, 'permission_overwrites': [], 'parent_id': None, 'name': 'Community', 'id': '1439453736039874640', 'flags': 0}, {'version': 1763265732072, 'type': 4, 'position': 2, 'permission_overwrites': [], 'parent_id': None, 'name': 'Teams Forums', 'id': '1439455187059085574', 'flags': 0}, {'version': 1763265732094, 'type': 4, 'position': 3, 'permission_overwrites': [], 'parent_id': None, 'name': 'Creators', 'id': '1439460043186503872', 'flags': 0}, {'version': 1763265728370, 'type': 4, 'position': 0, 'permission_overwrites': [], 'parent_id': None, 'name': 'Event Hub', 'id': '1439465522709135512', 'flags': 0}, {'version': 1763267786846, 'type': 4, 'position': 5, 'permission_overwrites': [], 'parent_id': None, 'name': 'Botnet', 'id': '1439474172400107601', 'flags': 0}, {'version': 1763267812300, 'type': 0, 'topic': None, 'rate_limit_per_user': 0, 'position': 1, 'permission_overwrites': [], 'parent_id': '1439453736039874640', 'nsfw': False, 'name': 'rules', 'last_message_id': None, 'id': '1439474279132430477', 'flags': 0}, {'version': 1763267835040, 'type': 0, 'topic': None, 'rate_limit_per_user': 0, 'position': 2, 'permission_overwrites': [], 'parent_id': '1439453736039874640', 'nsfw': False, 'name': 'announcement', 'last_message_id': None, 'id': '1439474374246793318', 'flags': 0}, {'version': 1763267903657, 'type': 0, 'topic': None, 'rate_limit_per_user': 0, 'position': 3, 'permission_overwrites': [], 'parent_id': '1439453736039874640', 'nsfw': False, 'name': 'music', 'last_message_id': None, 'id': '1439474662324179056', 'flags': 0}, {'version': 1763267948631, 'type': 0, 'topic': '', 'rate_limit_per_user': 0, 'position': 4, 'permission_overwrites': [], 'parent_id': '1439453736039874640', 'nsfw': False, 'name': 'promote', 'last_message_id': None, 'id': '1439474712752160818', 'flags': 0}, {'version': 1763267991403, 'type': 0, 'topic': None, 'rate_limit_per_user': 0, 'position': 5, 'permission_overwrites': [], 'parent_id': '1439453736039874640', 'nsfw': False, 'name': 'irl-media', 'last_message_id': None, 'id': '1439475030395191336', 'flags': 0}, {'version': 1763275948375, 'type': 0, 'topic': None, 'rate_limit_per_user': 0, 'position': 7, 'permission_overwrites': [], 'parent_id': '1439474172400107601', 'nsfw': False, 'name': 'logs', 'last_message_id': None, 'id': '1439475067296678039', 'flags': 0}, {'version': 1763275948408, 'type': 0, 'topic': None, 'rate_limit_per_user': 0, 'position': 8, 'permission_overwrites': [], 'parent_id': '1439474172400107601', 'nsfw': False, 'name': 'commands', 'last_message_id': None, 'id': '1439475083575033996', 'flags': 0}, {'version': 1763268062032, 'user_limit': 0, 'type': 2, 'rtc_region': None, 'rate_limit_per_user': 0, 'position': 0, 'permission_overwrites': [], 'parent_id': '1437940276395245721', 'nsfw': False, 'name': 'Watching', 'last_message_id': None, 'id': '1439475326647533659', 'flags': 0, 'bitrate': 64000}, {'version': 1763268090112, 'user_limit': 0, 'type': 2, 'rtc_region': None, 'rate_limit_per_user': 0, 'position': 1, 'permission_overwrites': [], 'parent_id': '1437940276395245721', 'nsfw': False, 'name': 'Casual Game 1', 'last_message_id': None, 'id': '1439475444062621838', 'flags': 0, 'bitrate': 64000}, {'version': 1763268095703, 'user_limit': 0, 'type': 2, 'rtc_region': None, 'rate_limit_per_user': 0, 'position': 2, 'permission_overwrites': [], 'parent_id': '1437940276395245721', 'nsfw': False, 'name': 'Casual Game 2', 'last_message_id': None, 'id': '1439475467869622366', 'flags': 0, 'bitrate': 64000}, {'version': 1763268111830, 'user_limit': 0, 'type': 2, 'rtc_region': None, 'rate_limit_per_user': 0, 'position': 3, 'permission_overwrites': [], 'parent_id': '1437940276395245721', 'nsfw': False, 'name': 'Ranked 1', 'last_message_id': None, 'id': '1439475535506968606', 'flags': 0, 'bitrate': 64000}, {'version': 1763268117306, 'user_limit': 0, 'type': 2, 'rtc_region': None, 'rate_limit_per_user': 0, 'position': 4, 'permission_overwrites': [], 'parent_id': '1437940276395245721', 'nsfw': False, 'name': 'Ranked 2', 'last_message_id': None, 'id': '1439475558445744278', 'flags': 0, 'bitrate': 64000}, {'version': 1763275948340, 'type': 0, 'topic': None, 'rate_limit_per_user': 0, 'position': 6, 'permission_overwrites': [], 'parent_id': '1439455187059085574', 'nsfw': False, 'name': 'submit-app', 'last_message_id': None, 'id': '1439475708006236242', 'flags': 0}, {'version': 1763268199052, 'user_limit': 0, 'type': 2, 'rtc_region': None, 'rate_limit_per_user': 0, 'position': 6, 'permission_overwrites': [], 'parent_id': '1437940276395245721', 'nsfw': False, 'name': 'afk', 'last_message_id': None, 'id': '1439475807159451768', 'flags': 0, 'bitrate': 64000}, {'version': 1763268199027, 'user_limit': 0, 'type': 2, 'rtc_region': None, 'rate_limit_per_user': 0, 'position': 5, 'permission_overwrites': [], 'parent_id': '1437940276395245721', 'nsfw': False, 'name': 'streaming', 'last_message_id': None, 'id': '1439475892886835363', 'flags': 0, 'bitrate': 64000}, {'version': 1763271530734, 'type': 4, 'position': 6, 'permission_overwrites': [], 'parent_id': None, 'name': 'My Siege Resource Pool', 'id': '1439489875173703711', 'flags': 0}, {'version': 1763275948491, 'type': 0, 'topic': None, 'rate_limit_per_user': 0, 'position': 11, 'permission_overwrites': [], 'parent_id': '1439489875173703711', 'nsfw': False, 'name': 'stat-sites', 'last_message_id': None, 'id': '1439490022167547956', 'flags': 0}, {'version': 1763275948513, 'type': 0, 'topic': None, 'rate_limit_per_user': 0, 'position': 12, 'permission_overwrites': [], 'parent_id': '1439489875173703711', 'nsfw': False, 'name': 'watch-siege', 'last_message_id': None, 'id': '1439490085228908626', 'flags': 0}, {'version': 1763280903920, 'type': 15, 'topic': '', 'theme_color': None, 'template': '', 'rate_limit_per_user': 0, 'position': 9, 'permission_overwrites': [], 'parent_id': '1439489875173703711', 'nsfw': False, 'name': 'strats', 'last_message_id': '1439535924521205810', 'id': '1439508350277517364', 'icon_emoji': None, 'flags': 0, 'default_tag_setting': 'match_some', 'default_sort_order': None, 'default_reaction_emoji': None, 'default_forum_layout': 0, 'available_tags': []}, {'version': 1763275949446, 'type': 0, 'topic': None, 'rate_limit_per_user': 0, 'position': 10, 'permission_overwrites': [], 'parent_id': '1439489875173703711', 'nsfw': False, 'name': 'strats', 'last_message_id': None, 'id': '1439508397266567228', 'flags': 0}], 'vanity_url_code': None, 'max_stage_video_channel_users': 50, 'system_channel_flags': 0, 'home_header': None, 'explicit_content_filter': 0, 'rules_channel_id': None, 'premium_features': None, 'version': 1763260276884, 'presences': [], 'premium_tier': 0, 'safety_alerts_channel_id': None, 'soundboard_sounds': [], 'banner': None, 'features': []}}
[2025-11-16 03:54:35] [DEBUG   ] discord.client: Dispatching event socket_event_type
[2025-11-16 03:54:35] [DEBUG   ] discord.gateway: For Shard ID None: WebSocket Event: {'t': 'GUILD_MEMBERS_CHUNK', 's': 4, 'op': 0, 'd': {'nonce': 'fde5dfcac8ba41ff2ace2b645ae259ad', 'members': [{'user': {'username': 'eu.claire', 'public_flags': 0, 'primary_guild': None, 'id': '1435050432509775913', 'global_name': 'Clairini', 'display_name_styles': None, 'display_name': 'Clairini', 'discriminator': '0', 'collectibles': None, 'bot': False, 'avatar_decoration_data': None, 'avatar': '126b11847c35e423e5ec7fbb2e4be985'}, 'roles': [], 'premium_since': None, 'pending': False, 'nick': None, 'mute': False, 'joined_at': '2025-11-16T08:22:01.380000+00:00', 'flags': 0, 'deaf': False, 'communication_disabled_until': None, 'banner': None, 'avatar': None}, {'user': {'username': 'Link_Bot', 'public_flags': 0, 'primary_guild': None, 'id': '1439512011401723966', 'global_name': None, 'display_name_styles': None, 'display_name': None, 'discriminator': '2600', 'collectibles': None, 'bot': True, 'avatar_decoration_data': None, 'avatar': '550e061ca1acf621ac26caf79ce9d9b3'}, 'roles': ['1439531085166805107'], 'premium_since': None, 'pending': False, 'nick': None, 'mute': False, 'joined_at': '2025-11-16T08:22:35.952868+00:00', 'flags': 0, 'deaf': False, 'communication_disabled_until': None, 'banner': None, 'avatar': None}], 'guild_id': '1439530940056735827', 'chunk_index': 0, 'chunk_count': 1}}
[2025-11-16 03:54:35] [DEBUG   ] discord.client: Dispatching event socket_event_type
[2025-11-16 03:54:35] [DEBUG   ] discord.state: Processed a chunk for 2 members in guild ID 1439530940056735827.
[2025-11-16 03:54:35] [DEBUG   ] discord.gateway: For Shard ID None: WebSocket Event: {'t': 'GUILD_MEMBERS_CHUNK', 's': 5, 'op': 0, 'd': {'nonce': 'c701fb57ebcc29da4093cde0e9be0ceb', 'members': [{'user': {'username': 'bulldrome', 'public_flags': 0, 'primary_guild': None, 'id': '366565110384164875', 'global_name': 'Bulldrome', 'display_name_styles': None, 'display_name': 'Bulldrome', 'discriminator': '0', 'collectibles': None, 'bot': False, 'avatar_decoration_data': None, 'avatar': 'febf9664ba0eba3ec6eabbb3ca37685a'}, 'roles': [], 'premium_since': None, 'pending': False, 'nick': None, 'mute': False, 'joined_at': '2025-11-16T02:28:50.194742+00:00', 'flags': 0, 'deaf': False, 'communication_disabled_until': None, 'banner': None, 'avatar': None}, {'user': {'username': 'amon9939', 'public_flags': 0, 'primary_guild': None, 'id': '627921211028144160', 'global_name': 'Amon.LUNAR', 'display_name_styles': None, 'display_name': 'Amon.LUNAR', 'discriminator': '0', 'collectibles': None, 'bot': False, 'avatar_decoration_data': None, 'avatar': None}, 'roles': [], 'premium_since': None, 'pending': False, 'nick': None, 'mute': False, 'joined_at': '2025-11-12T01:34:46.278000+00:00', 'flags': 0, 'deaf': False, 'communication_disabled_until': None, 'banner': None, 'avatar': None}, {'user': {'username': 'ghost.lunar', 'public_flags': 0, 'primary_guild': {'tag': 'ooz', 'identity_guild_id': '528101889125122049', 'identity_enabled': True, 'badge': '48d2557a1faf9a790dde3ad334e56efb'}, 'id': '825451755005280256', 'global_name': 'Ghost.Lunar', 'display_name_styles': None, 'display_name': 'Ghost.Lunar', 'discriminator': '0', 'collectibles': None, 'bot': False, 'avatar_decoration_data': None, 'avatar': '8274184286b171f694305891faff649b'}, 'roles': [], 'premium_since': None, 'pending': False, 'nick': None, 'mute': False, 'joined_at': '2025-11-12T00:25:27.670000+00:00', 'flags': 0, 'deaf': False, 'communication_disabled_until': None, 'banner': None, 'avatar': None}, {'user': {'username': 'lunixlmao.', 'public_flags': 0, 'primary_guild': None, 'id': '959828672611758140', 'global_name': 'Lunix.LUNAR', 'display_name_styles': None, 'display_name': 'Lunix.LUNAR', 'discriminator': '0', 'collectibles': None, 'bot': False, 'avatar_decoration_data': None, 'avatar': 'b3f249719da86971fbcefa960f56a74d'}, 'roles': [], 'premium_since': None, 'pending': False, 'nick': None, 'mute': False, 'joined_at': '2025-11-11T23:06:21.006000+00:00', 'flags': 0, 'deaf': False, 'communication_disabled_until': None, 'banner': None, 'avatar': None}, {'user': {'username': 'eu.claire', 'public_flags': 0, 'primary_guild': None, 'id': '1435050432509775913', 'global_name': 'Clairini', 'display_name_styles': None, 'display_name': 'Clairini', 'discriminator': '0', 'collectibles': None, 'bot': False, 'avatar_decoration_data': None, 'avatar': '126b11847c35e423e5ec7fbb2e4be985'}, 'roles': [], 'premium_since': None, 'pending': False, 'nick': None, 'mute': False, 'joined_at': '2025-11-11T23:01:17.479000+00:00', 'flags': 0, 'deaf': False, 'communication_disabled_until': None, 'banner': None, 'avatar': None}, {'user': {'username': 'Link_Bot', 'public_flags': 0, 'primary_guild': None, 'id': '1439512011401723966', 'global_name': None, 'display_name_styles': None, 'display_name': None, 'discriminator': '2600', 'collectibles': None, 'bot': True, 'avatar_decoration_data': None, 'avatar': '550e061ca1acf621ac26caf79ce9d9b3'}, 'roles': ['1439513752620765277'], 'premium_since': None, 'pending': False, 'nick': None, 'mute': False, 'joined_at': '2025-11-16T07:13:43.652518+00:00', 'flags': 0, 'deaf': False, 'communication_disabled_until': None, 'banner': None, 'avatar': None}], 'guild_id': '1437940275803590731', 'chunk_index': 0, 'chunk_count': 1}}
[2025-11-16 03:54:35] [DEBUG   ] discord.client: Dispatching event socket_event_type
[2025-11-16 03:54:35] [DEBUG   ] discord.state: Processed a chunk for 6 members in guild ID 1437940275803590731.
[2025-11-16 03:54:37] [DEBUG   ] discord.client: Dispatching event guild_available
[2025-11-16 03:54:37] [DEBUG   ] discord.client: Dispatching event guild_available
[2025-11-16 03:54:37] [DEBUG   ] discord.client: Dispatching event ready
[2025-11-16 03:54:43] [DEBUG   ] discord.gateway: For Shard ID None: WebSocket Event: {'t': 'MESSAGE_CREATE', 's': 6, 'op': 0, 'd': {'type': 0, 'tts': False, 'timestamp': '2025-11-16T08:54:43.282000+00:00', 'pinned': False, 'nonce': '1439539169247363072', 'mentions': [], 'mention_roles': [], 'mention_everyone': False, 'member': {'roles': [], 'premium_since': None, 'pending': False, 'nick': None, 'mute': False, 'joined_at': '2025-11-16T08:22:01.380000+00:00', 'flags': 0, 'deaf': False, 'communication_disabled_until': None, 'banner': None, 'avatar': None}, 'id': '1439539169201356822', 'flags': 0, 'embeds': [], 'edited_timestamp': None, 'content': '!strats', 'components': [], 'channel_type': 0, 'channel_id': '1439530940803317762', 'author': {'username': 'eu.claire', 'public_flags': 0, 'primary_guild': None, 'id': '1435050432509775913', 'global_name': 'Clairini', 'display_name_styles': None, 'discriminator': '0', 'collectibles': None, 'clan': None, 'avatar_decoration_data': None, 'avatar': '126b11847c35e423e5ec7fbb2e4be985'}, 'attachments': [], 'guild_id': '1439530940056735827'}}
[2025-11-16 03:54:43] [DEBUG   ] discord.client: Dispatching event socket_event_type
[2025-11-16 03:54:43] [DEBUG   ] discord.client: Dispatching event message
[2025-11-16 03:54:43] [DEBUG   ] discord.client: Dispatching event command
[2025-11-16 03:54:43] [DEBUG   ] discord.client: Dispatching event command_error
[2025-11-16 03:54:43] [ERROR   ] discord.ext.commands.bot: Ignoring exception in command strats
Traceback (most recent call last):
  File "C:\Users\Coyba\AppData\Local\Packages\PythonSoftwareFoundation.Python.3.11_qbz5n2kfra8p0\LocalCache\local-packages\Python311\site-packages\discord\ext\commands\core.py", line 266, in wrapped
    ret = await coro(*args, **kwargs)
          ^^^^^^^^^^^^^^^^^^^^^^^^^^^
  File "c:\Users\Coyba\OneDrive\Desktop\Discord Link Bot\Main.py", line 46, in strats
    guild = bot.get_guild(MAIN_SERVER_ID)
                          ^^^^^^^^^^^^^^
NameError: name 'MAIN_SERVER_ID' is not defined

The above exception was the direct cause of the following exception:

Traceback (most recent call last):
  File "C:\Users\Coyba\AppData\Local\Packages\PythonSoftwareFoundation.Python.3.11_qbz5n2kfra8p0\LocalCache\local-packages\Python311\site-packages\discord\ext\commands\bot.py", line 1376, in invoke
    await ctx.command.invoke(ctx)
  File "C:\Users\Coyba\AppData\Local\Packages\PythonSoftwareFoundation.Python.3.11_qbz5n2kfra8p0\LocalCache\local-packages\Python311\site-packages\discord\ext\commands\core.py", line 1064, in invoke
    await injected(*ctx.args, **ctx.kwargs)  # type: ignore
    ^^^^^^^^^^^^^^^^^^^^^^^^^^^^^^^^^^^^^^^
  File "C:\Users\Coyba\AppData\Local\Packages\PythonSoftwareFoundation.Python.3.11_qbz5n2kfra8p0\LocalCache\local-packages\Python311\site-packages\discord\ext\commands\core.py", line 275, in wrapped
    raise CommandInvokeError(exc) from exc
discord.ext.commands.errors.CommandInvokeError: Command raised an exception: NameError: name 'MAIN_SERVER_ID' is not defined
[2025-11-16 03:54:56] [DEBUG   ] discord.gateway: For Shard ID None: WebSocket Event: {'t': 'MESSAGE_CREATE', 's': 7, 'op': 0, 'd': {'type': 0, 'tts': False, 'timestamp': '2025-11-16T08:54:56.777000+00:00', 'pinned': False, 'nonce': '1439539225841106944', 'mentions': [], 'mention_roles': [], 'mention_everyone': False, 'member': {'roles': [], 'premium_since': None, 'pending': False, 'nick': None, 'mute': False, 'joined_at': '2025-11-11T23:01:17.479000+00:00', 'flags': 0, 'deaf': False, 'communication_disabled_until': None, 'banner': None, 'avatar': None}, 'id': '1439539225803489280', 'flags': 0, 'embeds': [], 'edited_timestamp': None, 'content': '!strats', 'components': [], 'channel_type': 0, 'channel_id': '1437940276395245722', 'author': {'username': 'eu.claire', 'public_flags': 0, 'primary_guild': None, 'id': '1435050432509775913', 'global_name': 'Clairini', 'display_name_styles': None, 'discriminator': '0', 'collectibles': None, 'clan': None, 'avatar_decoration_data': None, 'avatar': '126b11847c35e423e5ec7fbb2e4be985'}, 'attachments': [], 'guild_id': '1437940275803590731'}}
[2025-11-16 03:54:56] [DEBUG   ] discord.client: Dispatching event socket_event_type
[2025-11-16 03:54:56] [DEBUG   ] discord.client: Dispatching event message
[2025-11-16 03:54:56] [DEBUG   ] discord.client: Dispatching event command
[2025-11-16 03:54:56] [DEBUG   ] discord.client: Dispatching event command_error
[2025-11-16 03:54:56] [ERROR   ] discord.ext.commands.bot: Ignoring exception in command strats
Traceback (most recent call last):
  File "C:\Users\Coyba\AppData\Local\Packages\PythonSoftwareFoundation.Python.3.11_qbz5n2kfra8p0\LocalCache\local-packages\Python311\site-packages\discord\ext\commands\core.py", line 266, in wrapped
    ret = await coro(*args, **kwargs)
          ^^^^^^^^^^^^^^^^^^^^^^^^^^^
  File "c:\Users\Coyba\OneDrive\Desktop\Discord Link Bot\Main.py", line 46, in strats
    guild = bot.get_guild(MAIN_SERVER_ID)
                          ^^^^^^^^^^^^^^
NameError: name 'MAIN_SERVER_ID' is not defined

The above exception was the direct cause of the following exception:

Traceback (most recent call last):
  File "C:\Users\Coyba\AppData\Local\Packages\PythonSoftwareFoundation.Python.3.11_qbz5n2kfra8p0\LocalCache\local-packages\Python311\site-packages\discord\ext\commands\bot.py", line 1376, in invoke
    await ctx.command.invoke(ctx)
  File "C:\Users\Coyba\AppData\Local\Packages\PythonSoftwareFoundation.Python.3.11_qbz5n2kfra8p0\LocalCache\local-packages\Python311\site-packages\discord\ext\commands\core.py", line 1064, in invoke
    await injected(*ctx.args, **ctx.kwargs)  # type: ignore
    ^^^^^^^^^^^^^^^^^^^^^^^^^^^^^^^^^^^^^^^
  File "C:\Users\Coyba\AppData\Local\Packages\PythonSoftwareFoundation.Python.3.11_qbz5n2kfra8p0\LocalCache\local-packages\Python311\site-packages\discord\ext\commands\core.py", line 275, in wrapped
    raise CommandInvokeError(exc) from exc
discord.ext.commands.errors.CommandInvokeError: Command raised an exception: NameError: name 'MAIN_SERVER_ID' is not defined
